<?xml version="1.0" encoding="UTF-8"?>
<!-- Generated by org.testng.reporters.JUnitXMLReporter -->
<testsuite hostname="DESKTOP-EBKPB7F" ignored="0" name="Navigation Bar" tests="2" failures="1" timestamp="2020-08-25T11:49:54 CDT" time="9.696" errors="0">
  <testcase name="ValidateNavgation" time="0.071" classname="E2EProject.Maven.validateNavigationBar">
    <failure type="java.lang.AssertionError" message="expected [true] but found [false]">
      <![CDATA[java.lang.AssertionError: expected [true] but found [false]
at E2EProject.Maven.validateNavigationBar.ValidateNavgation(validateNavigationBar.java:41)
at java.util.ArrayList.forEach(ArrayList.java:1259)
at java.util.concurrent.FutureTask.run(FutureTask.java:266)
at java.util.concurrent.ThreadPoolExecutor.runWorker(ThreadPoolExecutor.java:1149)
at java.util.concurrent.ThreadPoolExecutor$Worker.run(ThreadPoolExecutor.java:624)
at java.lang.Thread.run(Thread.java:748)
... Removed 22 stack frames]]>
    </failure>
  </testcase> <!-- ValidateNavgation -->
  <testcase name="validateAppTitle" time="0.726" classname="E2EProject.Maven.validateTitle"/>
</testsuite> <!-- Navigation Bar -->
